{"path": "D:\\Dev\\Proyectos profesionales\\Rastreabilidad-app\\backend\\src\\rbom_api\\static", "event": "static_mounted", "level": "info", "timestamp": "2026-05-21T12:41:35.250932"}
{"version": "0.1.0", "dev": false, "event": "app_ready", "level": "info", "timestamp": "2026-05-21T12:41:35.252724"}
{"event": "request_start", "correlation_id": "dfe299f1667f4835b3ffd1b7e1315eec", "path": "/health", "method": "GET", "level": "info", "timestamp": "2026-05-21T12:41:35.934669"}
{"status_code": 200, "duration_ms": 748.44, "event": "request_end", "correlation_id": "dfe299f1667f4835b3ffd1b7e1315eec", "path": "/health", "method": "GET", "level": "info", "timestamp": "2026-05-21T12:41:36.679528"}
{"event": "request_start", "correlation_id": "9e24facafa1d4f9aaab88918c40506a9", "path": "/", "method": "GET", "level": "info", "timestamp": "2026-05-21T12:41:50.581973"}
{"status_code": 200, "duration_ms": 751.14, "event": "request_end", "correlation_id": "9e24facafa1d4f9aaab88918c40506a9", "path": "/", "method": "GET", "level": "info", "timestamp": "2026-05-21T12:41:51.334499"}
{"event": "request_start", "correlation_id": "b76b247867bd421093f8163c44b240ca", "path": "/assets/index-Bs_ZNW7A.js", "method": "GET", "level": "info", "timestamp": "2026-05-21T12:41:51.341509"}
{"event": "request_start", "correlation_id": "cb57dacf4a524de3a9a56c71bf5d843a", "path": "/assets/index-CkCE1yf_.css", "method": "GET", "level": "info", "timestamp": "2026-05-21T12:41:51.348658"}
{"status_code": 200, "duration_ms": 14.0, "event": "request_end", "correlation_id": "b76b247867bd421093f8163c44b240ca", "path": "/assets/index-Bs_ZNW7A.js", "method": "GET", "level": "info", "timestamp": "2026-05-21T12:41:51.361555"}
{"status_code": 200, "duration_ms": 15.41, "event": "request_end", "correlation_id": "cb57dacf4a524de3a9a56c71bf5d843a", "path": "/assets/index-CkCE1yf_.css", "method": "GET", "level": "info", "timestamp": "2026-05-21T12:41:51.364249"}
{"event": "request_start", "correlation_id": "f7007588339c491a8f7749c78358b47e", "path": "/assets/index-Bs_ZNW7A.js.map", "method": "GET", "level": "info", "timestamp": "2026-05-21T12:41:51.431709"}
{"status_code": 200, "duration_ms": 7.49, "event": "request_end", "correlation_id": "f7007588339c491a8f7749c78358b47e", "path": "/assets/index-Bs_ZNW7A.js.map", "method": "GET", "level": "info", "timestamp": "2026-05-21T12:41:51.439963"}
{"event": "request_start", "correlation_id": "d6756256385245bcbf3e76a75f31f53c", "path": "/api/pts", "method": "GET", "level": "info", "timestamp": "2026-05-21T12:41:51.526514"}
{"query": "Q_listado", "ventana_meses": 3, "rows": 2887, "duration_ms": 1992.98, "event": "db_query", "correlation_id": "d6756256385245bcbf3e76a75f31f53c", "path": "/api/pts", "method": "GET", "level": "info", "timestamp": "2026-05-21T12:41:53.582708"}
{"status_code": 200, "duration_ms": 2577.66, "event": "request_end", "correlation_id": "d6756256385245bcbf3e76a75f31f53c", "path": "/api/pts", "method": "GET", "level": "info", "timestamp": "2026-05-21T12:41:54.103317"}
{"event": "request_start", "correlation_id": "c5abca72542949d5a6e37d687486f4d2", "path": "/api/pts/25544/arbol", "method": "GET", "level": "info", "timestamp": "2026-05-21T12:41:55.702724"}
{"query": "Q_detalle", "idPt": 25544, "ventana_meses": 3, "rows_demanda": 1, "rows_bom": 1, "rows_ruta": 6, "rows_wip": 5, "duration_ms": 146.27, "event": "db_query", "correlation_id": "c5abca72542949d5a6e37d687486f4d2", "path": "/api/pts/25544/arbol", "method": "GET", "level": "info", "timestamp": "2026-05-21T12:41:55.867106"}
{"idPt": 25544, "n_componentes": 1, "n_advertencias": 0, "duration_ms": 0.68, "event": "netteo_done", "correlation_id": "c5abca72542949d5a6e37d687486f4d2", "path": "/api/pts/25544/arbol", "method": "GET", "level": "info", "timestamp": "2026-05-21T12:41:55.867106"}
{"status_code": 200, "duration_ms": 217.78, "event": "request_end", "correlation_id": "c5abca72542949d5a6e37d687486f4d2", "path": "/api/pts/25544/arbol", "method": "GET", "level": "info", "timestamp": "2026-05-21T12:41:55.925435"}
{"event": "request_start", "correlation_id": "2ef5f570d46549bf92e5b058ca39823f", "path": "/api/pts/56167/arbol", "method": "GET", "level": "info", "timestamp": "2026-05-21T12:42:17.693042"}
{"query": "Q_detalle", "idPt": 56167, "ventana_meses": 3, "rows_demanda": 2, "rows_bom": 3, "rows_ruta": 12, "rows_wip": 2, "duration_ms": 119.87, "event": "db_query", "correlation_id": "2ef5f570d46549bf92e5b058ca39823f", "path": "/api/pts/56167/arbol", "method": "GET", "level": "info", "timestamp": "2026-05-21T12:42:17.833913"}
{"idPt": 56167, "n_componentes": 3, "n_advertencias": 0, "duration_ms": 1.29, "event": "netteo_done", "correlation_id": "2ef5f570d46549bf92e5b058ca39823f", "path": "/api/pts/56167/arbol", "method": "GET", "level": "info", "timestamp": "2026-05-21T12:42:17.837399"}
{"status_code": 200, "duration_ms": 159.17, "event": "request_end", "correlation_id": "2ef5f570d46549bf92e5b058ca39823f", "path": "/api/pts/56167/arbol", "method": "GET", "level": "info", "timestamp": "2026-05-21T12:42:17.853760"}
{"event": "request_start", "correlation_id": "cefdb4e15b4f4b6a8d99035d7b3d4391", "path": "/api/pts/35323/arbol", "method": "GET", "level": "info", "timestamp": "2026-05-21T12:42:57.752929"}
{"query": "Q_detalle", "idPt": 35323, "ventana_meses": 3, "rows_demanda": 1, "rows_bom": 3, "rows_ruta": 14, "rows_wip": 5, "duration_ms": 141.9, "event": "db_query", "correlation_id": "cefdb4e15b4f4b6a8d99035d7b3d4391", "path": "/api/pts/35323/arbol", "method": "GET", "level": "info", "timestamp": "2026-05-21T12:42:57.988820"}
{"idPt": 35323, "n_componentes": 3, "n_advertencias": 0, "duration_ms": 0.76, "event": "netteo_done", "correlation_id": "cefdb4e15b4f4b6a8d99035d7b3d4391", "path": "/api/pts/35323/arbol", "method": "GET", "level": "info", "timestamp": "2026-05-21T12:42:57.993434"}
{"status_code": 200, "duration_ms": 256.39, "event": "request_end", "correlation_id": "cefdb4e15b4f4b6a8d99035d7b3d4391", "path": "/api/pts/35323/arbol", "method": "GET", "level": "info", "timestamp": "2026-05-21T12:42:58.001998"}
